<?xml version="1.0" encoding="UTF-8"?>
<testng-results ignored="0" total="2" passed="2" failed="0" skipped="0">
  <reporter-output>
  </reporter-output>
  <suite started-at="2020-11-21T18:21:54 EST" name="Default suite" finished-at="2020-11-21T18:23:05 EST" duration-ms="70911">
    <groups>
      <group name="cucumber">
        <method signature="AbstractTestNGCucumberTests.feature(cucumber.api.testng.CucumberFeatureWrapper)[pri:0, instance:zoopla.uk.my.runner.OutlineRunner@302c971f]" name="feature" class="cucumber.api.testng.AbstractTestNGCucumberTests"/>
      </group> <!-- cucumber -->
    </groups>
    <test started-at="2020-11-21T18:21:54 EST" name="Default test" finished-at="2020-11-21T18:23:05 EST" duration-ms="70911">
      <class name="zoopla.uk.my.runner.OutlineRunner">
        <test-method is-config="true" signature="setUpClass()[pri:0, instance:zoopla.uk.my.runner.OutlineRunner@302c971f]" started-at="2020-11-21T18:21:54 EST" name="setUpClass" finished-at="2020-11-21T18:21:54 EST" duration-ms="224" status="PASS">
          <reporter-output>
          </reporter-output>
        </test-method> <!-- setUpClass -->
        <test-method signature="feature(cucumber.api.testng.CucumberFeatureWrapper)[pri:0, instance:zoopla.uk.my.runner.OutlineRunner@302c971f]" started-at="2020-11-21T18:21:54 EST" name="feature" description="Runs Cucumber Feature" data-provider="features" finished-at="2020-11-21T18:22:16 EST" duration-ms="21610" status="PASS">
          <params>
            <param index="0">
              <value>
                <![CDATA[Zoopla users can buy the property & sell the property]]>
              </value>
            </param>
          </params>
          <reporter-output>
          </reporter-output>
        </test-method> <!-- feature -->
        <test-method signature="feature(cucumber.api.testng.CucumberFeatureWrapper)[pri:0, instance:zoopla.uk.my.runner.OutlineRunner@302c971f]" started-at="2020-11-21T18:22:16 EST" name="feature" description="Runs Cucumber Feature" data-provider="features" finished-at="2020-11-21T18:23:05 EST" duration-ms="48931" status="PASS">
          <params>
            <param index="0">
              <value>
                <![CDATA[Login function validations]]>
              </value>
            </param>
          </params>
          <reporter-output>
          </reporter-output>
        </test-method> <!-- feature -->
        <test-method is-config="true" signature="tearDownClass()[pri:0, instance:zoopla.uk.my.runner.OutlineRunner@302c971f]" started-at="2020-11-21T18:23:05 EST" name="tearDownClass" finished-at="2020-11-21T18:23:05 EST" duration-ms="10" status="PASS">
          <reporter-output>
          </reporter-output>
        </test-method> <!-- tearDownClass -->
      </class> <!-- zoopla.uk.my.runner.OutlineRunner -->
    </test> <!-- Default test -->
  </suite> <!-- Default suite -->
</testng-results>
